<?xml version="1.0" encoding="UTF-8"?>
<!-- Generated by org.testng.reporters.JUnitReportReporter -->
<testsuite skipped="0" hostname="desktop" name="ups.nj.myrunner.LoginRunner" tests="1" failures="0" timestamp="2021-04-20T18:29:21 EDT" time="7.913" errors="0">
  <testcase name="feature" time="7.913" classname="ups.nj.myrunner.LoginRunner"/>
  <system-out/>
</testsuite> <!-- ups.nj.myrunner.LoginRunner -->
