<?xml version="1.0" encoding="UTF-8"?>
<!-- Generated by org.testng.reporters.JUnitReportReporter -->
<testsuite skipped="0" hostname="desktop" name="com.readExcel.TextFileReading" tests="1" failures="0" timestamp="2021-04-20T23:05:31 EDT" time="8.687" errors="0">
  <testcase name="main" time="8.687" classname="com.readExcel.TextFileReading"/>
  <system-out/>
</testsuite> <!-- com.readExcel.TextFileReading -->
