<?xml version="1.0" encoding="UTF-8"?>
<!-- Generated by org.testng.reporters.JUnitReportReporter -->
<testsuite skipped="0" hostname="desktop" name="com.readExcel.TextFileReading" tests="1" failures="0" timestamp="2021-04-18T02:35:01 EDT" time="5.439" errors="0">
  <testcase name="main" time="5.439" classname="com.readExcel.TextFileReading"/>
  <system-out/>
</testsuite> <!-- com.readExcel.TextFileReading -->
